<?xml version="1.0" encoding="UTF-8"?>
<!-- Generated by org.testng.reporters.JUnitReportReporter -->
<testsuite hostname="Sales" name="android.Index.RedBusIndex" tests="5" failures="0" timestamp="18 Jan 2019 10:58:17 GMT" time="420.716" errors="0">
  <testcase name="SignupwithRedBus" time="101.589" classname="android.Index.RedBusIndex"/>
  <testcase name="login" time="78.964" classname="android.Index.RedBusIndex"/>
  <testcase name="SigninwithRedBus" time="80.516" classname="android.Index.RedBusIndex"/>
  <testcase name="swipethescreens" time="79.852" classname="android.Index.RedBusIndex"/>
  <testcase name="selectyourroute" time="79.795" classname="android.Index.RedBusIndex"/>
</testsuite> <!-- android.Index.RedBusIndex -->
